20211217_064309.809 wiki_search_app DEBUG start processing query: python yu
20211217_064310.777 wiki_search_app INFO found 306 articles for query: python yu
20211217_064310.778 wiki_search_app DEBUG finish processing query: python yu
20211217_064327.170 wiki_search_app DEBUG start processing query: python test
20211217_064327.972 wiki_search_app INFO found 2488 articles for query: python test
20211217_064327.973 wiki_search_app DEBUG finish processing query: python test
20211217_064329.831 wiki_search_app DEBUG start processing query: python semantic
20211217_064330.620 wiki_search_app INFO found 390 articles for query: python semantic
20211217_064330.620 wiki_search_app DEBUG finish processing query: python semantic
20211217_064332.443 wiki_search_app DEBUG start processing query: python test
20211217_064333.385 wiki_search_app INFO found 2488 articles for query: python test
20211217_064333.386 wiki_search_app DEBUG finish processing query: python test
20211217_064334.502 wiki_search_app DEBUG start processing query: python redner
20211217_064335.266 wiki_search_app INFO found 1 articles for query: python redner
20211217_064335.267 wiki_search_app DEBUG finish processing query: python redner
20211217_064336.527 wiki_search_app DEBUG start processing query: python test
20211217_064337.423 wiki_search_app INFO found 2488 articles for query: python test
20211217_064337.424 wiki_search_app DEBUG finish processing query: python test
20211217_064338.743 wiki_search_app DEBUG start processing query: python melkeTest
20211217_064339.383 wiki_search_app INFO found 0 articles for query: python melkeTest
20211217_064339.383 wiki_search_app DEBUG finish processing query: python melkeTest
20211217_064340.590 wiki_search_app DEBUG start processing query: python test
20211217_064341.415 wiki_search_app INFO found 2488 articles for query: python test
20211217_064341.416 wiki_search_app DEBUG finish processing query: python test
20211217_064342.598 wiki_search_app DEBUG start processing query: python upload
20211217_064343.615 wiki_search_app INFO found 215 articles for query: python upload
20211217_064343.616 wiki_search_app DEBUG finish processing query: python upload
20211217_064345.429 wiki_search_app DEBUG start processing query: python pypi
20211217_064346.146 wiki_search_app INFO found 89 articles for query: python pypi
20211217_064346.146 wiki_search_app DEBUG finish processing query: python pypi
20211217_064347.485 wiki_search_app DEBUG start processing query: python test_client
20211217_064348.416 wiki_search_app INFO found 456 articles for query: python test_client
20211217_064348.416 wiki_search_app DEBUG finish processing query: python test_client
20211217_064349.639 wiki_search_app DEBUG start processing query: python overtest
20211217_064350.369 wiki_search_app INFO found 0 articles for query: python overtest
20211217_064350.369 wiki_search_app DEBUG finish processing query: python overtest
20211217_064352.005 wiki_search_app DEBUG start processing query: python pytest
20211217_064352.921 wiki_search_app INFO found 5 articles for query: python pytest
20211217_064352.922 wiki_search_app DEBUG finish processing query: python pytest
20211217_064354.776 wiki_search_app DEBUG start processing query: python sentry
20211217_064355.487 wiki_search_app INFO found 77 articles for query: python sentry
20211217_064355.487 wiki_search_app DEBUG finish processing query: python sentry
20211217_064357.035 wiki_search_app DEBUG start processing query: python wix
20211217_064357.841 wiki_search_app INFO found 12 articles for query: python wix
20211217_064357.842 wiki_search_app DEBUG finish processing query: python wix
20211217_064359.322 wiki_search_app DEBUG start processing query: python protos
20211217_064400.263 wiki_search_app INFO found 137 articles for query: python protos
20211217_064400.264 wiki_search_app DEBUG finish processing query: python protos
20211217_064401.535 wiki_search_app DEBUG start processing query: python proto
20211217_064402.396 wiki_search_app INFO found 137 articles for query: python proto
20211217_064402.396 wiki_search_app DEBUG finish processing query: python proto
20211217_064403.745 wiki_search_app DEBUG start processing query: python latest
20211217_064404.580 wiki_search_app INFO found 1102 articles for query: python latest
20211217_064404.580 wiki_search_app DEBUG finish processing query: python latest
20211217_064406.130 wiki_search_app DEBUG start processing query: python greatest
20211217_064407.176 wiki_search_app INFO found 1043 articles for query: python greatest
20211217_064407.176 wiki_search_app DEBUG finish processing query: python greatest
20211217_064408.252 wiki_search_app DEBUG start processing query: python example
20211217_064409.138 wiki_search_app INFO found 4017 articles for query: python example
20211217_064409.138 wiki_search_app DEBUG finish processing query: python example
20211217_064410.780 wiki_search_app DEBUG start processing query: python api
20211217_064411.695 wiki_search_app INFO found 1246 articles for query: python api
20211217_064411.695 wiki_search_app DEBUG finish processing query: python api
20211217_064413.383 wiki_search_app DEBUG start processing query: python odoo11
20211217_064414.185 wiki_search_app INFO found 6 articles for query: python odoo11
20211217_064414.186 wiki_search_app DEBUG finish processing query: python odoo11
20211217_064415.811 wiki_search_app DEBUG start processing query: python addon
20211217_064416.671 wiki_search_app INFO found 65 articles for query: python addon
20211217_064416.672 wiki_search_app DEBUG finish processing query: python addon
20211217_064417.969 wiki_search_app DEBUG start processing query: python test
20211217_064418.727 wiki_search_app INFO found 2488 articles for query: python test
20211217_064418.727 wiki_search_app DEBUG finish processing query: python test
20211217_064419.999 wiki_search_app DEBUG start processing query: python component
20211217_064420.934 wiki_search_app INFO found 1759 articles for query: python component
20211217_064420.934 wiki_search_app DEBUG finish processing query: python component
20211217_064422.292 wiki_search_app DEBUG start processing query: python glasswall
20211217_064423.107 wiki_search_app INFO found 7 articles for query: python glasswall
20211217_064423.107 wiki_search_app DEBUG finish processing query: python glasswall
20211217_064425.177 wiki_search_app DEBUG start processing query: python azure
20211217_064426.215 wiki_search_app INFO found 389 articles for query: python azure
20211217_064426.215 wiki_search_app DEBUG finish processing query: python azure
20211217_064427.662 wiki_search_app DEBUG start processing query: python product
20211217_064428.439 wiki_search_app INFO found 2264 articles for query: python product
20211217_064428.439 wiki_search_app DEBUG finish processing query: python product
20211217_064430.039 wiki_search_app DEBUG start processing query: python test
20211217_064430.944 wiki_search_app INFO found 2488 articles for query: python test
20211217_064430.945 wiki_search_app DEBUG finish processing query: python test
20211217_064432.227 wiki_search_app DEBUG start processing query: python automation
20211217_064433.054 wiki_search_app INFO found 381 articles for query: python automation
20211217_064433.054 wiki_search_app DEBUG finish processing query: python automation
20211217_064434.415 wiki_search_app DEBUG start processing query: python funtest
20211217_064435.406 wiki_search_app INFO found 41 articles for query: python funtest
20211217_064435.406 wiki_search_app DEBUG finish processing query: python funtest
20211217_064436.778 wiki_search_app DEBUG start processing query: python ray test
20211217_064437.819 wiki_search_app INFO found 414 articles for query: python ray test
20211217_064437.819 wiki_search_app DEBUG finish processing query: python ray test
20211217_064439.592 wiki_search_app DEBUG start processing query: python pytest console scripts
20211217_064440.478 wiki_search_app INFO found 2 articles for query: python pytest console scripts
20211217_064440.478 wiki_search_app DEBUG finish processing query: python pytest console scripts
20211217_064442.946 wiki_search_app DEBUG start processing query: python pytest notion
20211217_064443.867 wiki_search_app INFO found 0 articles for query: python pytest notion
20211217_064443.867 wiki_search_app DEBUG finish processing query: python pytest notion
20211217_064445.592 wiki_search_app DEBUG start processing query: python test2 tanghao
20211217_064446.428 wiki_search_app INFO found 1 articles for query: python test2 tanghao
20211217_064446.429 wiki_search_app DEBUG finish processing query: python test2 tanghao
20211217_064449.024 wiki_search_app DEBUG start processing query: python pytest telegram
20211217_064450.025 wiki_search_app INFO found 7 articles for query: python pytest telegram
20211217_064450.025 wiki_search_app DEBUG finish processing query: python pytest telegram
20211217_064451.846 wiki_search_app DEBUG start processing query: python test9485
20211217_064452.649 wiki_search_app INFO found 3 articles for query: python test9485
20211217_064452.649 wiki_search_app DEBUG finish processing query: python test9485
20211217_064454.332 wiki_search_app DEBUG start processing query: python flask pytest
20211217_064455.150 wiki_search_app INFO found 2 articles for query: python flask pytest
20211217_064455.150 wiki_search_app DEBUG finish processing query: python flask pytest
20211217_064456.797 wiki_search_app DEBUG start processing query: python redlockfifo test
20211217_064457.493 wiki_search_app INFO found 0 articles for query: python redlockfifo test
20211217_064457.493 wiki_search_app DEBUG finish processing query: python redlockfifo test
20211217_064459.669 wiki_search_app DEBUG start processing query: python pypi test test
20211217_064500.618 wiki_search_app INFO found 28 articles for query: python pypi test test
20211217_064500.618 wiki_search_app DEBUG finish processing query: python pypi test test
